Arguments: 
  /Users/abyrd/.nvm/versions/node/v8.11.2/bin/node /usr/local/Cellar/yarn/1.3.2/libexec/bin/yarn.js

PATH: 
  /usr/share/www/intranet.directstartv.com/scripts/srcsync-dir:/usr/local/bin:/usr/share/www/devops/scripts:/usr/local/bin:/usr/bin:/bin:/usr/sbin:/sbin:/Users/abyrd/.nvm/versions/node/v8.11.2/bin:/usr/share/www/intranet.directstartv.com/scripts/srcsync-dir:/usr/share/www/devops/scripts

Yarn version: 
  1.3.2

Node version: 
  8.11.2

Platform: 
  darwin x64

npm manifest: 
  {
    "name": "new-package",
    "version": "1.0.0",
    "description": "",
    "main": "index.js",
    "scripts": {
      "test": "echo \"Error: no test specified\" && exit 1"
    },
    "repository": {
      "type": "git",
      "url": ""
    },
    "keywords": [],
    "author": "Andrew Byrd",
    "license": "MIT",
    "devDependencies": {
      "@babel/core": "^7.0.0-beta.46",
      "@babel/preset-env": "^7.0.0-beta.46",
      "@babel/preset-react": "^7.0.0-beta.46",
      "@babel/preset-stage-2": "^7.0.0-beta.46",
      "babel-loader": "^8.0.0-beta.2",
      "uglifyjs-webpack-plugin": "^1.2.5",
      "webpack": "^4.8.1",
      "webpack-cli": "^2.1.3",
      "webpack-dev-server": "^3.1.4",
      "webpack-merge": "^4.1.2",
      "css-loader": "^0.28.11",
      "extract-text-webpack-plugin": "^4.0.0-beta.0",
      "node-sass": "^4.9.0",
      "optimize-css-assets-webpack-plugin": "^4.0.1",
      "sass-loader": "^7.0.1",
      "style-loader": "^0.21.0"
    },
    "dependencies": {
      "express": "^4.16.3",
      "react": "^16.3.2",
      "react-dom": "^16.3.2"
    }
  }

yarn manifest: 
  No manifest

Lockfile: 
  No lockfile

Trace: 
  Error: http://artifactory.rvapps.io/api/npm/npm-rvapps/@webassemblyjs%2fhelper-buffer: not_found
      at Request.params.callback [as _callback] (/usr/local/Cellar/yarn/1.3.2/libexec/lib/cli.js:62098:18)
      at Request.self.callback (/usr/local/Cellar/yarn/1.3.2/libexec/lib/cli.js:123085:22)
      at emitTwo (events.js:126:13)
      at Request.emit (events.js:214:7)
      at Request.<anonymous> (/usr/local/Cellar/yarn/1.3.2/libexec/lib/cli.js:124068:10)
      at emitOne (events.js:116:13)
      at Request.emit (events.js:211:7)
      at IncomingMessage.<anonymous> (/usr/local/Cellar/yarn/1.3.2/libexec/lib/cli.js:123988:12)
      at Object.onceWrapper (events.js:313:30)
      at emitNone (events.js:111:20)
